2026-06-20 19:21:37 BST - DEBUG - Verbose/debug mode enabled.
2026-06-20 19:21:37 BST - INFO - Full environment dump written to:
2026-06-20 19:21:37 BST - INFO - /Users/jrp/Documents/AI/mlx/check_models/src/output/environment.log
2026-06-20 19:21:37 BST - DEBUG - Environment details saved for reproducibility
2026-06-20 19:21:37 BST - WARNING - Detected upstream package compatibility risks:
2026-06-20 19:21:37 BST - WARNING -   - mlx_vlm.utils.load is still bound to the missing-dependency placeholder (Core dependency initialization failed: mlx-vlm could not be imported safely. Import probe exited with code 1. Probe output: Traceback (most recent call last): File "<string>", line 1, in <module> import mlx_vlm File "/Users/jrp/Documents/AI/mlx/mlx-vlm/mlx_vlm/__init__.py", line 6, in <module> from .convert import convert File "/Users/jrp/...).
2026-06-20 19:21:37 BST - WARNING -   - mlx_vlm.prompt_utils.apply_chat_template is still bound to the missing-dependency placeholder (Core dependency initialization failed: mlx-vlm could not be imported safely. Import probe exited with code 1. Probe output: Traceback (most recent call last): File "<string>", line 1, in <module> import mlx_vlm File "/Users/jrp/Documents/AI/mlx/mlx-vlm/mlx_vlm/__init__.py", line 6, in <module> from .convert import convert File "/Users/jrp/...).
2026-06-20 19:21:37 BST - WARNING -   - mlx_vlm.generate.generate is still bound to the missing-dependency placeholder (Core dependency initialization failed: mlx-vlm could not be imported safely. Import probe exited with code 1. Probe output: Traceback (most recent call last): File "<string>", line 1, in <module> import mlx_vlm File "/Users/jrp/Documents/AI/mlx/mlx-vlm/mlx_vlm/__init__.py", line 6, in <module> from .convert import convert File "/Users/jrp/...).
2026-06-20 19:21:37 BST - WARNING -   - mlx_vlm.utils.load_image is still bound to the missing-dependency placeholder (Core dependency initialization failed: mlx-vlm could not be imported safely. Import probe exited with code 1. Probe output: Traceback (most recent call last): File "<string>", line 1, in <module> import mlx_vlm File "/Users/jrp/Documents/AI/mlx/mlx-vlm/mlx_vlm/__init__.py", line 6, in <module> from .convert import convert File "/Users/jrp/...).
2026-06-20 19:21:37 BST - INFO - --- Library Versions ---
2026-06-20 19:21:37 BST - INFO -    ╭─────────────────┬─────────────────────────────╮
2026-06-20 19:21:37 BST - INFO -    │ Library         │ Version                     │
2026-06-20 19:21:37 BST - INFO -    ├─────────────────┼─────────────────────────────┤
2026-06-20 19:21:37 BST - INFO -    │ Pillow          │ 12.2.0                      │
2026-06-20 19:21:37 BST - INFO -    │ huggingface-hub │ 1.20.1                      │
2026-06-20 19:21:37 BST - INFO -    │ mlx             │ 0.32.0.dev20260620+5abdd04b │
2026-06-20 19:21:37 BST - INFO -    │ mlx-audio       │ 0.4.4                       │
2026-06-20 19:21:37 BST - INFO -    │ mlx-lm          │ 0.31.3                      │
2026-06-20 19:21:37 BST - INFO -    │ mlx-metal       │                             │
2026-06-20 19:21:37 BST - INFO -    │ mlx-vlm         │ 0.6.3                       │
2026-06-20 19:21:37 BST - INFO -    │ numpy           │ 2.4.6                       │
2026-06-20 19:21:37 BST - INFO -    │ tokenizers      │ 0.23.1                      │
2026-06-20 19:21:37 BST - INFO -    │ transformers    │ 5.12.1                      │
2026-06-20 19:21:37 BST - INFO -    ╰─────────────────┴─────────────────────────────╯
2026-06-20 19:21:37 BST - INFO - Generated: 2026-06-20 19:21:37 BST
2026-06-20 19:21:38 BST - INFO - 
2026-06-20 19:21:38 BST - INFO - --- System Information ---
2026-06-20 19:21:38 BST - INFO -    ╭────────────────────────────┬──────────────────────────────────────────────────────────────────╮
2026-06-20 19:21:38 BST - INFO -    │ Property                   │ Value                                                            │
2026-06-20 19:21:38 BST - INFO -    ├────────────────────────────┼──────────────────────────────────────────────────────────────────┤
2026-06-20 19:21:38 BST - INFO -    │ OS                         │ Darwin 25.5.0                                                    │
2026-06-20 19:21:38 BST - INFO -    │ macOS Version              │ 26.5.1                                                           │
2026-06-20 19:21:38 BST - INFO -    │ SDK Version                │ 26.5                                                             │
2026-06-20 19:21:38 BST - INFO -    │ Active Developer Directory │ /Applications/Xcode.app/Contents/Developer                       │
2026-06-20 19:21:38 BST - INFO -    │ Xcode Version              │ 26.5                                                             │
2026-06-20 19:21:38 BST - INFO -    │ Xcode Build                │ 17F42                                                            │
2026-06-20 19:21:38 BST - INFO -    │ SDK Path                   │ /Applications/Xcode.app/Contents/Developer/Platforms/MacOSX.plat │
2026-06-20 19:21:38 BST - INFO -    │                            │ form/Developer/SDKs/MacOSX26.5.sdk                               │
2026-06-20 19:21:38 BST - INFO -    │ Metal SDK                  │ MacOSX26.5.sdk                                                   │
2026-06-20 19:21:38 BST - INFO -    │ Metal Compiler Version     │ Apple metal version 32023.883 (metalfe-32023.883)                │
2026-06-20 19:21:38 BST - INFO -    │ Metallib Linker Version    │ AIR-LLD 32023.883 (metalfe-32023.883) (compatible with legacy    │
2026-06-20 19:21:38 BST - INFO -    │                            │ metallib linker)                                                 │
2026-06-20 19:21:38 BST - INFO -    │ Apple Clang Version        │ Apple clang version 21.0.0 (clang-2100.1.1.101)                  │
2026-06-20 19:21:38 BST - INFO -    │ Python Version             │ 3.13.13                                                          │
2026-06-20 19:21:38 BST - INFO -    │ Architecture               │ arm64                                                            │
2026-06-20 19:21:38 BST - INFO -    │ GPU/Chip                   │ Apple M5 Max                                                     │
2026-06-20 19:21:38 BST - INFO -    │ GPU Cores                  │ 40                                                               │
2026-06-20 19:21:38 BST - INFO -    │ Metal Support              │ Metal 4                                                          │
2026-06-20 19:21:38 BST - INFO -    │ RAM                        │ 128.0 GB                                                         │
2026-06-20 19:21:38 BST - INFO -    │ CPU Cores (Physical)       │ 18                                                               │
2026-06-20 19:21:38 BST - INFO -    │ CPU Cores (Logical)        │ 18                                                               │
2026-06-20 19:21:38 BST - INFO -    │ MLX Install Type           │ editable local source                                            │
2026-06-20 19:21:38 BST - INFO -    │ MLX Distribution Root      │ /Users/jrp/miniconda3/envs/mlx-vlm/lib/python3.13/site-packages  │
2026-06-20 19:21:38 BST - INFO -    │ mlx-metal Distribution     │ not installed; local editable mlx supplies backend               │
2026-06-20 19:21:38 BST - INFO -    │ MLX Core Extension         │ /Users/jrp/Documents/AI/mlx/mlx/python/mlx/core.cpython-313-darw │
2026-06-20 19:21:38 BST - INFO -    │                            │ in.so                                                            │
2026-06-20 19:21:38 BST - INFO -    │ MLX Metallib               │ /Users/jrp/Documents/AI/mlx/mlx/python/mlx/lib/mlx.metallib      │
2026-06-20 19:21:38 BST - INFO -    │                            │ (157,739,544 bytes,                                              │
2026-06-20 19:21:38 BST - INFO -    │                            │ sha256=d7cb97dee8940843711ef5df4ff68b80a6e02f98bbd9e085c67941836 │
2026-06-20 19:21:38 BST - INFO -    │                            │ 55c94d1)                                                         │
2026-06-20 19:21:38 BST - INFO -    │ MLX libmlx.dylib           │ /Users/jrp/Documents/AI/mlx/mlx/python/mlx/lib/libmlx.dylib      │
2026-06-20 19:21:38 BST - INFO -    │                            │ (21,692,160 bytes,                                               │
2026-06-20 19:21:38 BST - INFO -    │                            │ sha256=fdbe3aaa7ce26dcbcd3873b4005c74c1f8d78970533bedf9f05f30dec │
2026-06-20 19:21:38 BST - INFO -    │                            │ 6631f75)                                                         │
2026-06-20 19:21:38 BST - INFO -    ╰────────────────────────────┴──────────────────────────────────────────────────────────────────╯
2026-06-20 19:21:38 BST - INFO - ────────────────────────────────────────────────────────────────────────────────────────────────────
2026-06-20 19:21:38 BST - WARNING - ⚠️  SECURITY WARNING: --trust-remote-code is enabled.
2026-06-20 19:21:38 BST - WARNING - ⚠️  This allows execution of remote code and may pose security risks.
2026-06-20 19:21:38 BST - INFO - ====================================================================================================
2026-06-20 19:21:38 BST - INFO - MLX Vision Language Model Check
2026-06-20 19:21:38 BST - INFO - ====================================================================================================
2026-06-20 19:21:38 BST - INFO - Image File:      /Users/jrp/Documents/AI/mlx/mlx-vlm/examples/images/cats.jpg
2026-06-20 19:21:38 BST - INFO - Image dimensions: 640x480 (0.3 MPixels)
2026-06-20 19:21:38 BST - INFO - ────────────────────────────────────────────────────────────────────────────────────────────────────
2026-06-20 19:21:38 BST - INFO - Image Metadata
2026-06-20 19:21:38 BST - WARNING - No EXIF data found in /Users/jrp/Documents/AI/mlx/mlx-vlm/examples/images/cats.jpg
2026-06-20 19:21:38 BST - WARNING - No EXIF data found in /Users/jrp/Documents/AI/mlx/mlx-vlm/examples/images/cats.jpg
2026-06-20 19:21:38 BST - INFO - Date: 2026-04-25 23:49:44 BST
2026-06-20 19:21:38 BST - INFO - Description: 
2026-06-20 19:21:38 BST - INFO - GPS Location: 
2026-06-20 19:21:38 BST - WARNING - No detailed EXIF data could be extracted.
2026-06-20 19:21:38 BST - INFO - ────────────────────────────────────────────────────────────────────────────────────────────────────
2026-06-20 19:21:38 BST - INFO - Prompt Configuration
2026-06-20 19:21:38 BST - INFO - Using triage-mode prompt (minimal context).
2026-06-20 19:21:38 BST - DEBUG - Full prompt:
Describe this image briefly.
2026-06-20 19:21:38 BST - INFO - Prompt length: 28 characters
2026-06-20 19:21:38 BST - CRITICAL - [mlx-vlm] Core dependency initialization failed: mlx-vlm could not be imported safely. Import probe exited with code 1. Probe output: Traceback (most recent call last): File "<string>", line 1, in <module> import mlx_vlm File "/Users/jrp/Documents/AI/mlx/mlx-vlm/mlx_vlm/__init__.py", line 6, in <module> from .convert import convert File "/Users/jrp/...
2026-06-20 19:21:38 BST - ERROR - ✗ Required runtime dependencies unavailable; no models were run.
2026-06-20 19:21:38 BST - WARNING - ⚠️  Install/repair the missing packages and re-run. Environment details and a minimal diagnostics report have been written for triage.
2026-06-20 19:21:38 BST - INFO -    Diagnostics:   /Users/jrp/Documents/AI/mlx/check_models/src/output/reports/diagnostics.md
