================================================================================
FULL ENVIRONMENT DUMP - 2026-03-27 12:49:48 GMT
================================================================================

--- Python Packages (via importlib.metadata) ---
Total packages: 135

absl-py==2.4.0
aiohappyeyeballs==2.6.1
aiohttp==3.13.3
aiosignal==1.4.0
annotated-doc==0.0.4
annotated-types==0.7.0
anyio==4.13.0
astunparse==1.6.3
attrs==26.1.0
build==1.4.2
certifi==2026.2.25
cffi==2.0.0
cfgv==3.5.0
charset-normalizer==3.4.6
check_models==0.3.1
check_models==0.3.1
click==8.3.1
cmake==4.3.0
coverage==7.13.5
datasets==4.8.4
defusedxml==0.7.1
dill==0.4.1
distlib==0.4.0
docopt==0.6.2
einops==0.8.2
execnet==2.1.2
fastapi==0.135.2
filelock==3.25.2
flatbuffers==25.12.19
frozenlist==1.8.0
fsspec==2026.2.0
gast==0.7.0
google-pasta==0.2.0
grpcio==1.78.0
h11==0.16.0
h5py==3.14.0
hf-xet==1.4.2
httpcore==1.0.9
httpx==0.28.1
huggingface_hub==1.8.0
identify==2.6.18
idna==3.11
iniconfig==2.3.0
Jinja2==3.1.6
keras==3.13.2
libclang==18.1.1
librt==0.8.1
markdown-it-py==4.0.0
MarkupSafe==3.0.3
mdurl==0.1.2
miniaudio==1.61
ml_dtypes==0.5.4
mlx==0.31.2.dev20260322+38ad2570
mlx==0.31.2.dev20260327+0ff1115a
mlx-lm==0.31.2
mlx-vlm==0.4.1
mpmath==1.3.0
multidict==6.7.1
multiprocess==0.70.19
mypy==1.19.1
mypy_extensions==1.1.0
namex==0.1.0
networkx==3.6.1
nodeenv==1.10.0
num2words==0.5.14
numpy==2.4.3
opencv-python==4.13.0.92
opt_einsum==3.4.0
optree==0.19.0
packaging==26.0
pandas==3.0.1
pathspec==1.0.4
pillow==12.1.1
pip==26.0.1
platformdirs==4.9.4
pluggy==1.6.0
pre_commit==4.5.1
propcache==0.4.1
protobuf==7.34.1
psutil==7.2.2
pyarrow==23.0.1
pycparser==3.0
pydantic==2.12.5
pydantic_core==2.41.5
Pygments==2.19.2
pyproject_hooks==1.2.0
pyrefly==0.58.0
pytest==9.0.2
pytest-cov==7.1.0
pytest-xdist==3.8.0
python-dateutil==2.9.0.post0
python-discovery==1.2.1
PyYAML==6.0.3
regex==2026.2.28
requests==2.33.0
rich==14.3.3
ruff==0.15.8
safetensors==0.7.0
sentencepiece==0.2.1
setuptools==82.0.1
shellingham==1.5.4
six==1.17.0
soundfile==0.13.1
starlette==1.0.0
sympy==1.14.0
tabulate==0.10.0
tensorflow==2.21.0
termcolor==3.3.0
tokenizers==0.22.2
torch==2.11.0
torchaudio==2.11.0
torchvision==0.26.0
tqdm==4.67.3
transformers==5.4.0
ty==0.0.26
typer==0.24.1
types-psutil==7.2.2.20260130
types-PyYAML==6.0.12.20250915
types-requests==2.33.0.20260327
types-simplejson==3.20.0.20250822
types-tabulate==0.10.0.20260308
types-toml==0.10.8.20240310
types-tqdm==4.67.3.20260303
types-urllib3==1.26.25.14
typing-inspection==0.4.2
typing_extensions==4.15.0
tzlocal==5.3.1
urllib3==2.6.3
uvicorn==0.42.0
virtualenv==21.2.0
wcwidth==0.6.0
wheel==0.46.3
wrapt==2.1.2
xxhash==3.6.0
yarl==1.23.0

Conda Environment: mlx-vlm
================================================================================
Environment dump completed at 2026-03-27 12:49:48 GMT
================================================================================
